14:11:24.608 [main] DEBUG EdgeTable - EdgeTable constructor called with name: SampleTable
14:11:24.609 [main] DEBUG EdgeTable - Setting name to: UpdatedTableName
14:11:24.609 [main] DEBUG EdgeTable - Getting name: UpdatedTableName
14:11:24.609 [main] INFO  RunEdgeConvert - EdgeTable Name: UpdatedTableName
14:11:24.609 [main] DEBUG EdgeField - EdgeField constructor called with name: SampleField
14:11:24.609 [main] DEBUG EdgeField - Setting name to: UpdatedFieldName
14:11:24.609 [main] DEBUG EdgeField - Getting name: UpdatedFieldName
14:11:24.609 [main] INFO  RunEdgeConvert - EdgeField Name: UpdatedFieldName
14:11:24.610 [main] DEBUG EdgeConvertGUI - EdgeConvertGUI constructor called.
14:11:24.610 [main] INFO  EdgeConvertGUI - Executing someMethod in EdgeConvertGUI
14:11:24.610 [main] DEBUG EdgeConvertFileParser - EdgeConvertFileParser constructor called.
14:11:24.610 [main] INFO  EdgeConvertFileParser - Parsing file: /Users/khoiruladib/Documents/RIT/AplicationDev/Kelompok/Log/src/main/java/Courses.edg
14:11:24.610 [main] INFO  EdgeConvertFileParser - Parsed data saved to file: parsed_data.txt
14:11:24.611 [main] INFO  EdgeConvertFileParser - File parsing completed successfully.
14:11:24.611 [main] DEBUG EdgeConvertCreateDDL - EdgeConvertCreateDDL constructor called.
14:11:24.611 [main] INFO  EdgeConvertCreateDDL - Generating DDL...
14:11:24.611 [main] INFO  EdgeConvertCreateDDL - Generated DDL saved to file: generated_ddl.sql
14:11:24.611 [main] INFO  EdgeConvertCreateDDL - DDL generation completed successfully.
14:11:24.612 [main] DEBUG EdgeConnector - EdgeConnector constructor called.
14:11:24.612 [main] INFO  EdgeConnector - Executing someMethod in EdgeConnector
14:11:24.612 [main] DEBUG CreateDDLMySQL - CreateDDLMySQL constructor called.
14:11:24.612 [main] INFO  CreateDDLMySQL - Generating MySQL DDL...
14:11:24.612 [main] INFO  CreateDDLMySQL - Generated MySQL DDL saved to file: generated_mysql_ddl.sql
14:11:24.612 [main] INFO  CreateDDLMySQL - MySQL DDL generation completed successfully.
14:11:24.612 [main] INFO  RunEdgeConvert - Running...
14:11:24.612 [main] INFO  RunEdgeConvert - RunEdgeConvert completed successfully.
14:11:39.444 [main] DEBUG EdgeTable - EdgeTable constructor called with name: SampleTable
14:11:39.445 [main] DEBUG EdgeTable - Setting name to: UpdatedTableName
14:11:39.446 [main] DEBUG EdgeTable - Getting name: UpdatedTableName
14:11:39.446 [main] INFO  RunEdgeConvert - EdgeTable Name: UpdatedTableName
14:11:39.446 [main] DEBUG EdgeField - EdgeField constructor called with name: SampleField
14:11:39.446 [main] DEBUG EdgeField - Setting name to: UpdatedFieldName
14:11:39.446 [main] DEBUG EdgeField - Getting name: UpdatedFieldName
14:11:39.446 [main] INFO  RunEdgeConvert - EdgeField Name: UpdatedFieldName
14:11:39.447 [main] DEBUG EdgeConvertGUI - EdgeConvertGUI constructor called.
14:11:39.447 [main] INFO  EdgeConvertGUI - Executing someMethod in EdgeConvertGUI
14:11:39.447 [main] DEBUG EdgeConvertFileParser - EdgeConvertFileParser constructor called.
14:11:39.447 [main] INFO  EdgeConvertFileParser - Parsing file: /Users/khoiruladib/Documents/RIT/AplicationDev/Kelompok/Log/src/main/java/Courses.edg
14:11:39.448 [main] INFO  EdgeConvertFileParser - Parsed data saved to file: parsed_data.txt
14:11:39.448 [main] INFO  EdgeConvertFileParser - File parsing completed successfully.
14:11:39.448 [main] DEBUG EdgeConvertCreateDDL - EdgeConvertCreateDDL constructor called.
14:11:39.448 [main] INFO  EdgeConvertCreateDDL - Generating DDL...
14:11:39.448 [main] INFO  EdgeConvertCreateDDL - Generated DDL saved to file: generated_ddl.sql
14:11:39.448 [main] INFO  EdgeConvertCreateDDL - DDL generation completed successfully.
14:11:39.449 [main] DEBUG EdgeConnector - EdgeConnector constructor called.
14:11:39.449 [main] INFO  EdgeConnector - Executing someMethod in EdgeConnector
14:11:39.449 [main] DEBUG CreateDDLMySQL - CreateDDLMySQL constructor called.
14:11:39.449 [main] INFO  CreateDDLMySQL - Generating MySQL DDL...
14:11:39.449 [main] INFO  CreateDDLMySQL - Generated MySQL DDL saved to file: generated_mysql_ddl.sql
14:11:39.450 [main] INFO  CreateDDLMySQL - MySQL DDL generation completed successfully.
14:11:39.450 [main] INFO  RunEdgeConvert - Running...
14:11:39.450 [main] INFO  RunEdgeConvert - RunEdgeConvert completed successfully.
